(env) MacBook-Ali-Agha:alpha-zero-hex ali$ python3 pit.py
Turn  1 Player  1
    B  B  B  B  B  B
    0 \1 \2 \3 \4 \5 \
 ------------------------
 W 0 \-  -  -  -  -  -  \ 0 W
  W 1 \-  -  -  -  -  -  \ 1 W
   W 2 \-  -  -  -  -  -  \ 2 W
    W 3 \-  -  -  -  -  -  \ 3 W
     W 4 \-  -  -  -  -  -  \ 4 W
      W 5 \-  -  -  -  -  -  \ 5 W
       ------------------------
             0 \1 \2 \3 \4 \5 \
              B  B  B  B  B  B
3 1
Turn  2 Player  -1
    B  B  B  B  B  B
    0 \1 \2 \3 \4 \5 \
 ------------------------
 W 0 \-  -  -  -  -  -  \ 0 W
  W 1 \-  -  -  w  -  -  \ 1 W
   W 2 \-  -  -  -  -  -  \ 2 W
    W 3 \-  -  -  -  -  -  \ 3 W
     W 4 \-  -  -  -  -  -  \ 4 W
      W 5 \-  -  -  -  -  -  \ 5 W
       ------------------------
             0 \1 \2 \3 \4 \5 \
              B  B  B  B  B  B
0 5
Turn  3 Player  1
    B  B  B  B  B  B
    0 \1 \2 \3 \4 \5 \
 ------------------------
 W 0 \-  -  -  -  -  b  \ 0 W
  W 1 \-  -  -  w  -  -  \ 1 W
   W 2 \-  -  -  -  -  -  \ 2 W
    W 3 \-  -  -  -  -  -  \ 3 W
     W 4 \-  -  -  -  -  -  \ 4 W
      W 5 \-  -  -  -  -  -  \ 5 W
       ------------------------
             0 \1 \2 \3 \4 \5 \
              B  B  B  B  B  B
5 1
Turn  4 Player  -1
    B  B  B  B  B  B
    0 \1 \2 \3 \4 \5 \
 ------------------------
 W 0 \-  -  -  -  -  b  \ 0 W
  W 1 \-  -  -  w  -  w  \ 1 W
   W 2 \-  -  -  -  -  -  \ 2 W
    W 3 \-  -  -  -  -  -  \ 3 W
     W 4 \-  -  -  -  -  -  \ 4 W
      W 5 \-  -  -  -  -  -  \ 5 W
       ------------------------
             0 \1 \2 \3 \4 \5 \
              B  B  B  B  B  B
1 4
Turn  5 Player  1
    B  B  B  B  B  B
    0 \1 \2 \3 \4 \5 \
 ------------------------
 W 0 \-  -  -  -  -  b  \ 0 W
  W 1 \-  -  -  w  b  w  \ 1 W
   W 2 \-  -  -  -  -  -  \ 2 W
    W 3 \-  -  -  -  -  -  \ 3 W
     W 4 \-  -  -  -  -  -  \ 4 W
      W 5 \-  -  -  -  -  -  \ 5 W
       ------------------------
             0 \1 \2 \3 \4 \5 \
              B  B  B  B  B  B
3 4
Turn  6 Player  -1
    B  B  B  B  B  B
    0 \1 \2 \3 \4 \5 \
 ------------------------
 W 0 \-  -  -  -  -  b  \ 0 W
  W 1 \-  -  -  w  b  w  \ 1 W
   W 2 \-  -  -  -  -  -  \ 2 W
    W 3 \-  -  -  -  -  -  \ 3 W
     W 4 \-  -  -  w  -  -  \ 4 W
      W 5 \-  -  -  -  -  -  \ 5 W
       ------------------------
             0 \1 \2 \3 \4 \5 \
              B  B  B  B  B  B
2 3
Turn  7 Player  1
    B  B  B  B  B  B
    0 \1 \2 \3 \4 \5 \
 ------------------------
 W 0 \-  -  -  -  -  b  \ 0 W
  W 1 \-  -  -  w  b  w  \ 1 W
   W 2 \-  -  -  b  -  -  \ 2 W
    W 3 \-  -  -  -  -  -  \ 3 W
     W 4 \-  -  -  w  -  -  \ 4 W
      W 5 \-  -  -  -  -  -  \ 5 W
       ------------------------
             0 \1 \2 \3 \4 \5 \
              B  B  B  B  B  B
2 3
Turn  8 Player  -1
    B  B  B  B  B  B
    0 \1 \2 \3 \4 \5 \
 ------------------------
 W 0 \-  -  -  -  -  b  \ 0 W
  W 1 \-  -  -  w  b  w  \ 1 W
   W 2 \-  -  -  b  -  -  \ 2 W
    W 3 \-  -  w  -  -  -  \ 3 W
     W 4 \-  -  -  w  -  -  \ 4 W
      W 5 \-  -  -  -  -  -  \ 5 W
       ------------------------
             0 \1 \2 \3 \4 \5 \
              B  B  B  B  B  B
*2 2
Turn  9 Player  1
    B  B  B  B  B  B
    0 \1 \2 \3 \4 \5 \
 ------------------------
 W 0 \-  -  -  -  -  b  \ 0 W
  W 1 \-  -  -  w  b  w  \ 1 W
   W 2 \-  -  b  b  -  -  \ 2 W
    W 3 \-  -  w  -  -  -  \ 3 W
     W 4 \-  -  -  w  -  -  \ 4 W
      W 5 \-  -  -  -  -  -  \ 5 W
       ------------------------
             0 \1 \2 \3 \4 \5 \
              B  B  B  B  B  B
3 3
Turn  10 Player  -1
    B  B  B  B  B  B
    0 \1 \2 \3 \4 \5 \
 ------------------------
 W 0 \-  -  -  -  -  b  \ 0 W
  W 1 \-  -  -  w  b  w  \ 1 W
   W 2 \-  -  b  b  -  -  \ 2 W
    W 3 \-  -  w  w  -  -  \ 3 W
     W 4 \-  -  -  w  -  -  \ 4 W
      W 5 \-  -  -  -  -  -  \ 5 W
       ------------------------
             0 \1 \2 \3 \4 \5 \
              B  B  B  B  B  B
2 1
Turn  11 Player  1
    B  B  B  B  B  B
    0 \1 \2 \3 \4 \5 \
 ------------------------
 W 0 \-  -  -  -  -  b  \ 0 W
  W 1 \-  -  -  w  b  w  \ 1 W
   W 2 \-  b  b  b  -  -  \ 2 W
    W 3 \-  -  w  w  -  -  \ 3 W
     W 4 \-  -  -  w  -  -  \ 4 W
      W 5 \-  -  -  -  -  -  \ 5 W
       ------------------------
             0 \1 \2 \3 \4 \5 \
              B  B  B  B  B  B
1 4
Turn  12 Player  -1
    B  B  B  B  B  B
    0 \1 \2 \3 \4 \5 \
 ------------------------
 W 0 \-  -  -  -  -  b  \ 0 W
  W 1 \-  -  -  w  b  w  \ 1 W
   W 2 \-  b  b  b  -  -  \ 2 W
    W 3 \-  -  w  w  -  -  \ 3 W
     W 4 \-  w  -  w  -  -  \ 4 W
      W 5 \-  -  -  -  -  -  \ 5 W
       ------------------------
             0 \1 \2 \3 \4 \5 \
              B  B  B  B  B  B
2 4
Turn  13 Player  1
    B  B  B  B  B  B
    0 \1 \2 \3 \4 \5 \
 ------------------------
 W 0 \-  -  -  -  -  b  \ 0 W
  W 1 \-  -  -  w  b  w  \ 1 W
   W 2 \-  b  b  b  b  -  \ 2 W
    W 3 \-  -  w  w  -  -  \ 3 W
     W 4 \-  w  -  w  -  -  \ 4 W
      W 5 \-  -  -  -  -  -  \ 5 W
       ------------------------
             0 \1 \2 \3 \4 \5 \
              B  B  B  B  B  B
4 3
Turn  14 Player  -1
    B  B  B  B  B  B
    0 \1 \2 \3 \4 \5 \
 ------------------------
 W 0 \-  -  -  -  -  b  \ 0 W
  W 1 \-  -  -  w  b  w  \ 1 W
   W 2 \-  b  b  b  b  -  \ 2 W
    W 3 \-  -  w  w  w  -  \ 3 W
     W 4 \-  w  -  w  -  -  \ 4 W
      W 5 \-  -  -  -  -  -  \ 5 W
       ------------------------
             0 \1 \2 \3 \4 \5 \
              B  B  B  B  B  B
0 0
Turn  15 Player  1
    B  B  B  B  B  B
    0 \1 \2 \3 \4 \5 \
 ------------------------
 W 0 \b  -  -  -  -  b  \ 0 W
  W 1 \-  -  -  w  b  w  \ 1 W
   W 2 \-  b  b  b  b  -  \ 2 W
    W 3 \-  -  w  w  w  -  \ 3 W
     W 4 \-  w  -  w  -  -  \ 4 W
      W 5 \-  -  -  -  -  -  \ 5 W
       ------------------------
             0 \1 \2 \3 \4 \5 \
              B  B  B  B  B  B
2 4
Turn  16 Player  -1
    B  B  B  B  B  B
    0 \1 \2 \3 \4 \5 \
 ------------------------
 W 0 \b  -  -  -  -  b  \ 0 W
  W 1 \-  -  -  w  b  w  \ 1 W
   W 2 \-  b  b  b  b  -  \ 2 W
    W 3 \-  -  w  w  w  -  \ 3 W
     W 4 \-  w  w  w  -  -  \ 4 W
      W 5 \-  -  -  -  -  -  \ 5 W
       ------------------------
             0 \1 \2 \3 \4 \5 \
              B  B  B  B  B  B
0 1
Turn  17 Player  1
    B  B  B  B  B  B
    0 \1 \2 \3 \4 \5 \
 ------------------------
 W 0 \b  b  -  -  -  b  \ 0 W
  W 1 \-  -  -  w  b  w  \ 1 W
   W 2 \-  b  b  b  b  -  \ 2 W
    W 3 \-  -  w  w  w  -  \ 3 W
     W 4 \-  w  w  w  -  -  \ 4 W
      W 5 \-  -  -  -  -  -  \ 5 W
       ------------------------
             0 \1 \2 \3 \4 \5 \
              B  B  B  B  B  B
0 1
Turn  18 Player  -1
    B  B  B  B  B  B
    0 \1 \2 \3 \4 \5 \
 ------------------------
 W 0 \b  b  -  -  -  b  \ 0 W
  W 1 \w  -  -  w  b  w  \ 1 W
   W 2 \-  b  b  b  b  -  \ 2 W
    W 3 \-  -  w  w  w  -  \ 3 W
     W 4 \-  w  w  w  -  -  \ 4 W
      W 5 \-  -  -  -  -  -  \ 5 W
       ------------------------
             0 \1 \2 \3 \4 \5 \
              B  B  B  B  B  B
0 2
Turn  19 Player  1
    B  B  B  B  B  B
    0 \1 \2 \3 \4 \5 \
 ------------------------
 W 0 \b  b  b  -  -  b  \ 0 W
  W 1 \w  -  -  w  b  w  \ 1 W
   W 2 \-  b  b  b  b  -  \ 2 W
    W 3 \-  -  w  w  w  -  \ 3 W
     W 4 \-  w  w  w  -  -  \ 4 W
      W 5 \-  -  -  -  -  -  \ 5 W
       ------------------------
             0 \1 \2 \3 \4 \5 \
              B  B  B  B  B  B
0 4
Turn  20 Player  -1
    B  B  B  B  B  B
    0 \1 \2 \3 \4 \5 \
 ------------------------
 W 0 \b  b  b  -  -  b  \ 0 W
  W 1 \w  -  -  w  b  w  \ 1 W
   W 2 \-  b  b  b  b  -  \ 2 W
    W 3 \-  -  w  w  w  -  \ 3 W
     W 4 \w  w  w  w  -  -  \ 4 W
      W 5 \-  -  -  -  -  -  \ 5 W
       ------------------------
             0 \1 \2 \3 \4 \5 \
              B  B  B  B  B  B
0 3
Turn  21 Player  1
    B  B  B  B  B  B
    0 \1 \2 \3 \4 \5 \
 ------------------------
 W 0 \b  b  b  b  -  b  \ 0 W
  W 1 \w  -  -  w  b  w  \ 1 W
   W 2 \-  b  b  b  b  -  \ 2 W
    W 3 \-  -  w  w  w  -  \ 3 W
     W 4 \w  w  w  w  -  -  \ 4 W
      W 5 \-  -  -  -  -  -  \ 5 W
       ------------------------
             0 \1 \2 \3 \4 \5 \
              B  B  B  B  B  B
0 3
Turn  22 Player  -1
    B  B  B  B  B  B
    0 \1 \2 \3 \4 \5 \
 ------------------------
 W 0 \b  b  b  b  -  b  \ 0 W
  W 1 \w  -  -  w  b  w  \ 1 W
   W 2 \-  b  b  b  b  -  \ 2 W
    W 3 \w  -  w  w  w  -  \ 3 W
     W 4 \w  w  w  w  -  -  \ 4 W
      W 5 \-  -  -  -  -  -  \ 5 W
       ------------------------
             0 \1 \2 \3 \4 \5 \
              B  B  B  B  B  B
0 4
Turn  23 Player  1
    B  B  B  B  B  B
    0 \1 \2 \3 \4 \5 \
 ------------------------
 W 0 \b  b  b  b  b  b  \ 0 W
  W 1 \w  -  -  w  b  w  \ 1 W
   W 2 \-  b  b  b  b  -  \ 2 W
    W 3 \w  -  w  w  w  -  \ 3 W
     W 4 \w  w  w  w  -  -  \ 4 W
      W 5 \-  -  -  -  -  -  \ 5 W
       ------------------------
             0 \1 \2 \3 \4 \5 \
              B  B  B  B  B  B
1 1
Turn  24 Player  -1
    B  B  B  B  B  B
    0 \1 \2 \3 \4 \5 \
 ------------------------
 W 0 \b  b  b  b  b  b  \ 0 W
  W 1 \w  w  -  w  b  w  \ 1 W
   W 2 \-  b  b  b  b  -  \ 2 W
    W 3 \w  -  w  w  w  -  \ 3 W
     W 4 \w  w  w  w  -  -  \ 4 W
      W 5 \-  -  -  -  -  -  \ 5 W
       ------------------------
             0 \1 \2 \3 \4 \5 \
              B  B  B  B  B  B
1 2
Turn  25 Player  1
    B  B  B  B  B  B
    0 \1 \2 \3 \4 \5 \
 ------------------------
 W 0 \b  b  b  b  b  b  \ 0 W
  W 1 \w  w  b  w  b  w  \ 1 W
   W 2 \-  b  b  b  b  -  \ 2 W
    W 3 \w  -  w  w  w  -  \ 3 W
     W 4 \w  w  w  w  -  -  \ 4 W
      W 5 \-  -  -  -  -  -  \ 5 W
       ------------------------
             0 \1 \2 \3 \4 \5 \
              B  B  B  B  B  B
0 2
Turn  26 Player  -1
    B  B  B  B  B  B
    0 \1 \2 \3 \4 \5 \
 ------------------------
 W 0 \b  b  b  b  b  b  \ 0 W
  W 1 \w  w  b  w  b  w  \ 1 W
   W 2 \w  b  b  b  b  -  \ 2 W
    W 3 \w  -  w  w  w  -  \ 3 W
     W 4 \w  w  w  w  -  -  \ 4 W
      W 5 \-  -  -  -  -  -  \ 5 W
       ------------------------
             0 \1 \2 \3 \4 \5 \
              B  B  B  B  B  B
2 5
Turn  27 Player  1
    B  B  B  B  B  B
    0 \1 \2 \3 \4 \5 \
 ------------------------
 W 0 \b  b  b  b  b  b  \ 0 W
  W 1 \w  w  b  w  b  w  \ 1 W
   W 2 \w  b  b  b  b  b  \ 2 W
    W 3 \w  -  w  w  w  -  \ 3 W
     W 4 \w  w  w  w  -  -  \ 4 W
      W 5 \-  -  -  -  -  -  \ 5 W
       ------------------------
             0 \1 \2 \3 \4 \5 \
              B  B  B  B  B  B
5 3
Game over: Turn  27 Result  1
    B  B  B  B  B  B
    0 \1 \2 \3 \4 \5 \
 ------------------------
 W 0 \b  b  b  b  b  b  \ 0 W
  W 1 \w  w  b  w  b  w  \ 1 W
   W 2 \w  b  b  b  b  b  \ 2 W
    W 3 \w  -  w  w  w  w  \ 3 W
     W 4 \w  w  w  w  -  -  \ 4 W
      W 5 \-  -  -  -  -  -  \ 5 W
       ------------------------
             0 \1 \2 \3 \4 \5 \
              B  B  B  B  B  B
Arena.playGames |########                        | (2/4) Eps Time: 1321.749s | Total: 0:22:01 | ETA: 0:00:00Turn  1 Player  1
    B  B  B  B  B  B
    0 \1 \2 \3 \4 \5 \
 ------------------------
 W 0 \-  -  -  -  -  -  \ 0 W
  W 1 \-  -  -  -  -  -  \ 1 W
   W 2 \-  -  -  -  -  -  \ 2 W
    W 3 \-  -  -  -  -  -  \ 3 W
     W 4 \-  -  -  -  -  -  \ 4 W
      W 5 \-  -  -  -  -  -  \ 5 W
       ------------------------
             0 \1 \2 \3 \4 \5 \
              B  B  B  B  B  B
3 1
Turn  2 Player  -1
    B  B  B  B  B  B
    0 \1 \2 \3 \4 \5 \
 ------------------------
 W 0 \-  -  -  -  -  -  \ 0 W
  W 1 \-  -  -  w  -  -  \ 1 W
   W 2 \-  -  -  -  -  -  \ 2 W
    W 3 \-  -  -  -  -  -  \ 3 W
     W 4 \-  -  -  -  -  -  \ 4 W
      W 5 \-  -  -  -  -  -  \ 5 W
       ------------------------
             0 \1 \2 \3 \4 \5 \
              B  B  B  B  B  B
0 5
Turn  3 Player  1
    B  B  B  B  B  B
    0 \1 \2 \3 \4 \5 \
 ------------------------
 W 0 \-  -  -  -  -  b  \ 0 W
  W 1 \-  -  -  w  -  -  \ 1 W
   W 2 \-  -  -  -  -  -  \ 2 W
    W 3 \-  -  -  -  -  -  \ 3 W
     W 4 \-  -  -  -  -  -  \ 4 W
      W 5 \-  -  -  -  -  -  \ 5 W
       ------------------------
             0 \1 \2 \3 \4 \5 \
              B  B  B  B  B  B
5 1
Turn  4 Player  -1
    B  B  B  B  B  B
    0 \1 \2 \3 \4 \5 \
 ------------------------
 W 0 \-  -  -  -  -  b  \ 0 W
  W 1 \-  -  -  w  -  w  \ 1 W
   W 2 \-  -  -  -  -  -  \ 2 W
    W 3 \-  -  -  -  -  -  \ 3 W
     W 4 \-  -  -  -  -  -  \ 4 W
      W 5 \-  -  -  -  -  -  \ 5 W
       ------------------------
             0 \1 \2 \3 \4 \5 \
              B  B  B  B  B  B
1 4
Turn  5 Player  1
    B  B  B  B  B  B
    0 \1 \2 \3 \4 \5 \
 ------------------------
 W 0 \-  -  -  -  -  b  \ 0 W
  W 1 \-  -  -  w  b  w  \ 1 W
   W 2 \-  -  -  -  -  -  \ 2 W
    W 3 \-  -  -  -  -  -  \ 3 W
     W 4 \-  -  -  -  -  -  \ 4 W
      W 5 \-  -  -  -  -  -  \ 5 W
       ------------------------
             0 \1 \2 \3 \4 \5 \
              B  B  B  B  B  B
3 4
Turn  6 Player  -1
    B  B  B  B  B  B
    0 \1 \2 \3 \4 \5 \
 ------------------------
 W 0 \-  -  -  -  -  b  \ 0 W
  W 1 \-  -  -  w  b  w  \ 1 W
   W 2 \-  -  -  -  -  -  \ 2 W
    W 3 \-  -  -  -  -  -  \ 3 W
     W 4 \-  -  -  w  -  -  \ 4 W
      W 5 \-  -  -  -  -  -  \ 5 W
       ------------------------
             0 \1 \2 \3 \4 \5 \
              B  B  B  B  B  B
2 3
Turn  7 Player  1
    B  B  B  B  B  B
    0 \1 \2 \3 \4 \5 \
 ------------------------
 W 0 \-  -  -  -  -  b  \ 0 W
  W 1 \-  -  -  w  b  w  \ 1 W
   W 2 \-  -  -  b  -  -  \ 2 W
    W 3 \-  -  -  -  -  -  \ 3 W
     W 4 \-  -  -  w  -  -  \ 4 W
      W 5 \-  -  -  -  -  -  \ 5 W
       ------------------------
             0 \1 \2 \3 \4 \5 \
              B  B  B  B  B  B
2 3
Turn  8 Player  -1
    B  B  B  B  B  B
    0 \1 \2 \3 \4 \5 \
 ------------------------
 W 0 \-  -  -  -  -  b  \ 0 W
  W 1 \-  -  -  w  b  w  \ 1 W
   W 2 \-  -  -  b  -  -  \ 2 W
    W 3 \-  -  w  -  -  -  \ 3 W
     W 4 \-  -  -  w  -  -  \ 4 W
      W 5 \-  -  -  -  -  -  \ 5 W
       ------------------------
             0 \1 \2 \3 \4 \5 \
              B  B  B  B  B  B
2 2
Turn  9 Player  1
    B  B  B  B  B  B
    0 \1 \2 \3 \4 \5 \
 ------------------------
 W 0 \-  -  -  -  -  b  \ 0 W
  W 1 \-  -  -  w  b  w  \ 1 W
   W 2 \-  -  b  b  -  -  \ 2 W
    W 3 \-  -  w  -  -  -  \ 3 W
     W 4 \-  -  -  w  -  -  \ 4 W
      W 5 \-  -  -  -  -  -  \ 5 W
       ------------------------
             0 \1 \2 \3 \4 \5 \
              B  B  B  B  B  B
3 3
Turn  10 Player  -1
    B  B  B  B  B  B
    0 \1 \2 \3 \4 \5 \
 ------------------------
 W 0 \-  -  -  -  -  b  \ 0 W
  W 1 \-  -  -  w  b  w  \ 1 W
   W 2 \-  -  b  b  -  -  \ 2 W
    W 3 \-  -  w  w  -  -  \ 3 W
     W 4 \-  -  -  w  -  -  \ 4 W
      W 5 \-  -  -  -  -  -  \ 5 W
       ------------------------
             0 \1 \2 \3 \4 \5 \
              B  B  B  B  B  B
2 1
Turn  11 Player  1
    B  B  B  B  B  B
    0 \1 \2 \3 \4 \5 \
 ------------------------
 W 0 \-  -  -  -  -  b  \ 0 W
  W 1 \-  -  -  w  b  w  \ 1 W
   W 2 \-  b  b  b  -  -  \ 2 W
    W 3 \-  -  w  w  -  -  \ 3 W
     W 4 \-  -  -  w  -  -  \ 4 W
      W 5 \-  -  -  -  -  -  \ 5 W
       ------------------------
             0 \1 \2 \3 \4 \5 \
              B  B  B  B  B  B
1 4
Turn  12 Player  -1
    B  B  B  B  B  B
    0 \1 \2 \3 \4 \5 \
 ------------------------
 W 0 \-  -  -  -  -  b  \ 0 W
  W 1 \-  -  -  w  b  w  \ 1 W
   W 2 \-  b  b  b  -  -  \ 2 W
    W 3 \-  -  w  w  -  -  \ 3 W
     W 4 \-  w  -  w  -  -  \ 4 W
      W 5 \-  -  -  -  -  -  \ 5 W
       ------------------------
             0 \1 \2 \3 \4 \5 \
              B  B  B  B  B  B
2 4
Turn  13 Player  1
    B  B  B  B  B  B
    0 \1 \2 \3 \4 \5 \
 ------------------------
 W 0 \-  -  -  -  -  b  \ 0 W
  W 1 \-  -  -  w  b  w  \ 1 W
   W 2 \-  b  b  b  b  -  \ 2 W
    W 3 \-  -  w  w  -  -  \ 3 W
     W 4 \-  w  -  w  -  -  \ 4 W
      W 5 \-  -  -  -  -  -  \ 5 W
       ------------------------
             0 \1 \2 \3 \4 \5 \
              B  B  B  B  B  B
4 3
Turn  14 Player  -1
    B  B  B  B  B  B
    0 \1 \2 \3 \4 \5 \
 ------------------------
 W 0 \-  -  -  -  -  b  \ 0 W
  W 1 \-  -  -  w  b  w  \ 1 W
   W 2 \-  b  b  b  b  -  \ 2 W
    W 3 \-  -  w  w  w  -  \ 3 W
     W 4 \-  w  -  w  -  -  \ 4 W
      W 5 \-  -  -  -  -  -  \ 5 W
       ------------------------
             0 \1 \2 \3 \4 \5 \
              B  B  B  B  B  B
0 0
Turn  15 Player  1
    B  B  B  B  B  B
    0 \1 \2 \3 \4 \5 \
 ------------------------
 W 0 \b  -  -  -  -  b  \ 0 W
  W 1 \-  -  -  w  b  w  \ 1 W
   W 2 \-  b  b  b  b  -  \ 2 W
    W 3 \-  -  w  w  w  -  \ 3 W
     W 4 \-  w  -  w  -  -  \ 4 W
      W 5 \-  -  -  -  -  -  \ 5 W
       ------------------------
             0 \1 \2 \3 \4 \5 \
              B  B  B  B  B  B
2 4
Turn  16 Player  -1
    B  B  B  B  B  B
    0 \1 \2 \3 \4 \5 \
 ------------------------
 W 0 \b  -  -  -  -  b  \ 0 W
  W 1 \-  -  -  w  b  w  \ 1 W
   W 2 \-  b  b  b  b  -  \ 2 W
    W 3 \-  -  w  w  w  -  \ 3 W
     W 4 \-  w  w  w  -  -  \ 4 W
      W 5 \-  -  -  -  -  -  \ 5 W
       ------------------------
             0 \1 \2 \3 \4 \5 \
              B  B  B  B  B  B
0 1
Turn  17 Player  1
    B  B  B  B  B  B
    0 \1 \2 \3 \4 \5 \
 ------------------------
 W 0 \b  b  -  -  -  b  \ 0 W
  W 1 \-  -  -  w  b  w  \ 1 W
   W 2 \-  b  b  b  b  -  \ 2 W
    W 3 \-  -  w  w  w  -  \ 3 W
     W 4 \-  w  w  w  -  -  \ 4 W
      W 5 \-  -  -  -  -  -  \ 5 W
       ------------------------
             0 \1 \2 \3 \4 \5 \
              B  B  B  B  B  B
0 1
Turn  18 Player  -1
    B  B  B  B  B  B
    0 \1 \2 \3 \4 \5 \
 ------------------------
 W 0 \b  b  -  -  -  b  \ 0 W
  W 1 \w  -  -  w  b  w  \ 1 W
   W 2 \-  b  b  b  b  -  \ 2 W
    W 3 \-  -  w  w  w  -  \ 3 W
     W 4 \-  w  w  w  -  -  \ 4 W
      W 5 \-  -  -  -  -  -  \ 5 W
       ------------------------
             0 \1 \2 \3 \4 \5 \
              B  B  B  B  B  B
0 2
Turn  19 Player  1
    B  B  B  B  B  B
    0 \1 \2 \3 \4 \5 \
 ------------------------
 W 0 \b  b  b  -  -  b  \ 0 W
  W 1 \w  -  -  w  b  w  \ 1 W
   W 2 \-  b  b  b  b  -  \ 2 W
    W 3 \-  -  w  w  w  -  \ 3 W
     W 4 \-  w  w  w  -  -  \ 4 W
      W 5 \-  -  -  -  -  -  \ 5 W
       ------------------------
             0 \1 \2 \3 \4 \5 \
              B  B  B  B  B  B
0 4
Turn  20 Player  -1
    B  B  B  B  B  B
    0 \1 \2 \3 \4 \5 \
 ------------------------
 W 0 \b  b  b  -  -  b  \ 0 W
  W 1 \w  -  -  w  b  w  \ 1 W
   W 2 \-  b  b  b  b  -  \ 2 W
    W 3 \-  -  w  w  w  -  \ 3 W
     W 4 \w  w  w  w  -  -  \ 4 W
      W 5 \-  -  -  -  -  -  \ 5 W
       ------------------------
             0 \1 \2 \3 \4 \5 \
              B  B  B  B  B  B
0 3
Turn  21 Player  1
    B  B  B  B  B  B
    0 \1 \2 \3 \4 \5 \
 ------------------------
 W 0 \b  b  b  b  -  b  \ 0 W
  W 1 \w  -  -  w  b  w  \ 1 W
   W 2 \-  b  b  b  b  -  \ 2 W
    W 3 \-  -  w  w  w  -  \ 3 W
     W 4 \w  w  w  w  -  -  \ 4 W
      W 5 \-  -  -  -  -  -  \ 5 W
       ------------------------
             0 \1 \2 \3 \4 \5 \
              B  B  B  B  B  B
0 3
Turn  22 Player  -1
    B  B  B  B  B  B
    0 \1 \2 \3 \4 \5 \
 ------------------------
 W 0 \b  b  b  b  -  b  \ 0 W
  W 1 \w  -  -  w  b  w  \ 1 W
   W 2 \-  b  b  b  b  -  \ 2 W
    W 3 \w  -  w  w  w  -  \ 3 W
     W 4 \w  w  w  w  -  -  \ 4 W
      W 5 \-  -  -  -  -  -  \ 5 W
       ------------------------
             0 \1 \2 \3 \4 \5 \
              B  B  B  B  B  B
0 4
Turn  23 Player  1
    B  B  B  B  B  B
    0 \1 \2 \3 \4 \5 \
 ------------------------
 W 0 \b  b  b  b  b  b  \ 0 W
  W 1 \w  -  -  w  b  w  \ 1 W
   W 2 \-  b  b  b  b  -  \ 2 W
    W 3 \w  -  w  w  w  -  \ 3 W
     W 4 \w  w  w  w  -  -  \ 4 W
      W 5 \-  -  -  -  -  -  \ 5 W
       ------------------------
             0 \1 \2 \3 \4 \5 \
              B  B  B  B  B  B
1 1
Turn  24 Player  -1
    B  B  B  B  B  B
    0 \1 \2 \3 \4 \5 \
 ------------------------
 W 0 \b  b  b  b  b  b  \ 0 W
  W 1 \w  w  -  w  b  w  \ 1 W
   W 2 \-  b  b  b  b  -  \ 2 W
    W 3 \w  -  w  w  w  -  \ 3 W
     W 4 \w  w  w  w  -  -  \ 4 W
      W 5 \-  -  -  -  -  -  \ 5 W
       ------------------------
             0 \1 \2 \3 \4 \5 \
              B  B  B  B  B  B
1 2
Turn  25 Player  1
    B  B  B  B  B  B
    0 \1 \2 \3 \4 \5 \
 ------------------------
 W 0 \b  b  b  b  b  b  \ 0 W
  W 1 \w  w  b  w  b  w  \ 1 W
   W 2 \-  b  b  b  b  -  \ 2 W
    W 3 \w  -  w  w  w  -  \ 3 W
     W 4 \w  w  w  w  -  -  \ 4 W
      W 5 \-  -  -  -  -  -  \ 5 W
       ------------------------
             0 \1 \2 \3 \4 \5 \
              B  B  B  B  B  B
0 2
Turn  26 Player  -1
    B  B  B  B  B  B
    0 \1 \2 \3 \4 \5 \
 ------------------------
 W 0 \b  b  b  b  b  b  \ 0 W
  W 1 \w  w  b  w  b  w  \ 1 W
   W 2 \w  b  b  b  b  -  \ 2 W
    W 3 \w  -  w  w  w  -  \ 3 W
     W 4 \w  w  w  w  -  -  \ 4 W
      W 5 \-  -  -  -  -  -  \ 5 W
       ------------------------
             0 \1 \2 \3 \4 \5 \
              B  B  B  B  B  B
2 5
Turn  27 Player  1
    B  B  B  B  B  B
    0 \1 \2 \3 \4 \5 \
 ------------------------
 W 0 \b  b  b  b  b  b  \ 0 W
  W 1 \w  w  b  w  b  w  \ 1 W
   W 2 \w  b  b  b  b  b  \ 2 W
    W 3 \w  -  w  w  w  -  \ 3 W
     W 4 \w  w  w  w  -  -  \ 4 W
      W 5 \-  -  -  -  -  -  \ 5 W
       ------------------------
             0 \1 \2 \3 \4 \5 \
              B  B  B  B  B  B
5 3
Game over: Turn  27 Result  1
    B  B  B  B  B  B
    0 \1 \2 \3 \4 \5 \
 ------------------------
 W 0 \b  b  b  b  b  b  \ 0 W
  W 1 \w  w  b  w  b  w  \ 1 W
   W 2 \w  b  b  b  b  b  \ 2 W
    W 3 \w  -  w  w  w  w  \ 3 W
     W 4 \w  w  w  w  -  -  \ 4 W
      W 5 \-  -  -  -  -  -  \ 5 W
       ------------------------
             0 \1 \2 \3 \4 \5 \
              B  B  B  B  B  B
Arena.playGames |################                | (3/4) Eps Time: 1377.406s | Total: 0:45:54 | ETA: 1:06:06Turn  1 Player  1
    B  B  B  B  B  B
    0 \1 \2 \3 \4 \5 \
 ------------------------
 W 0 \-  -  -  -  -  -  \ 0 W
  W 1 \-  -  -  -  -  -  \ 1 W
   W 2 \-  -  -  -  -  -  \ 2 W
    W 3 \-  -  -  -  -  -  \ 3 W
     W 4 \-  -  -  -  -  -  \ 4 W
      W 5 \-  -  -  -  -  -  \ 5 W
       ------------------------
             0 \1 \2 \3 \4 \5 \
              B  B  B  B  B  B
0 2
Turn  2 Player  -1
    B  B  B  B  B  B
    0 \1 \2 \3 \4 \5 \
 ------------------------
 W 0 \-  -  -  -  -  -  \ 0 W
  W 1 \-  -  -  -  -  -  \ 1 W
   W 2 \w  -  -  -  -  -  \ 2 W
    W 3 \-  -  -  -  -  -  \ 3 W
     W 4 \-  -  -  -  -  -  \ 4 W
      W 5 \-  -  -  -  -  -  \ 5 W
       ------------------------
             0 \1 \2 \3 \4 \5 \
              B  B  B  B  B  B
2 4
Turn  3 Player  1
    B  B  B  B  B  B
    0 \1 \2 \3 \4 \5 \
 ------------------------
 W 0 \-  -  -  -  -  -  \ 0 W
  W 1 \-  -  -  -  -  -  \ 1 W
   W 2 \w  -  -  -  b  -  \ 2 W
    W 3 \-  -  -  -  -  -  \ 3 W
     W 4 \-  -  -  -  -  -  \ 4 W
      W 5 \-  -  -  -  -  -  \ 5 W
       ------------------------
             0 \1 \2 \3 \4 \5 \
              B  B  B  B  B  B
5 0
Turn  4 Player  -1
    B  B  B  B  B  B
    0 \1 \2 \3 \4 \5 \
 ------------------------
 W 0 \-  -  -  -  -  w  \ 0 W
  W 1 \-  -  -  -  -  -  \ 1 W
   W 2 \w  -  -  -  b  -  \ 2 W
    W 3 \-  -  -  -  -  -  \ 3 W
     W 4 \-  -  -  -  -  -  \ 4 W
      W 5 \-  -  -  -  -  -  \ 5 W
       ------------------------
             0 \1 \2 \3 \4 \5 \
              B  B  B  B  B  B
0 4
Turn  5 Player  1
    B  B  B  B  B  B
    0 \1 \2 \3 \4 \5 \
 ------------------------
 W 0 \-  -  -  -  b  w  \ 0 W
  W 1 \-  -  -  -  -  -  \ 1 W
   W 2 \w  -  -  -  b  -  \ 2 W
    W 3 \-  -  -  -  -  -  \ 3 W
     W 4 \-  -  -  -  -  -  \ 4 W
      W 5 \-  -  -  -  -  -  \ 5 W
       ------------------------
             0 \1 \2 \3 \4 \5 \
              B  B  B  B  B  B
4 1
Turn  6 Player  -1
    B  B  B  B  B  B
    0 \1 \2 \3 \4 \5 \
 ------------------------
 W 0 \-  -  -  -  b  w  \ 0 W
  W 1 \-  -  -  -  w  -  \ 1 W
   W 2 \w  -  -  -  b  -  \ 2 W
    W 3 \-  -  -  -  -  -  \ 3 W
     W 4 \-  -  -  -  -  -  \ 4 W
      W 5 \-  -  -  -  -  -  \ 5 W
       ------------------------
             0 \1 \2 \3 \4 \5 \
              B  B  B  B  B  B
2 2
Turn  7 Player  1
    B  B  B  B  B  B
    0 \1 \2 \3 \4 \5 \
 ------------------------
 W 0 \-  -  -  -  b  w  \ 0 W
  W 1 \-  -  -  -  w  -  \ 1 W
   W 2 \w  -  b  -  b  -  \ 2 W
    W 3 \-  -  -  -  -  -  \ 3 W
     W 4 \-  -  -  -  -  -  \ 4 W
      W 5 \-  -  -  -  -  -  \ 5 W
       ------------------------
             0 \1 \2 \3 \4 \5 \
              B  B  B  B  B  B
2 3
Turn  8 Player  -1
    B  B  B  B  B  B
    0 \1 \2 \3 \4 \5 \
 ------------------------
 W 0 \-  -  -  -  b  w  \ 0 W
  W 1 \-  -  -  -  w  -  \ 1 W
   W 2 \w  -  b  -  b  -  \ 2 W
    W 3 \-  -  w  -  -  -  \ 3 W
     W 4 \-  -  -  -  -  -  \ 4 W
      W 5 \-  -  -  -  -  -  \ 5 W
       ------------------------
             0 \1 \2 \3 \4 \5 \
              B  B  B  B  B  B
2 3
Turn  9 Player  1
    B  B  B  B  B  B
    0 \1 \2 \3 \4 \5 \
 ------------------------
 W 0 \-  -  -  -  b  w  \ 0 W
  W 1 \-  -  -  -  w  -  \ 1 W
   W 2 \w  -  b  b  b  -  \ 2 W
    W 3 \-  -  w  -  -  -  \ 3 W
     W 4 \-  -  -  -  -  -  \ 4 W
      W 5 \-  -  -  -  -  -  \ 5 W
       ------------------------
             0 \1 \2 \3 \4 \5 \
              B  B  B  B  B  B
3 1
Turn  10 Player  -1
    B  B  B  B  B  B
    0 \1 \2 \3 \4 \5 \
 ------------------------
 W 0 \-  -  -  -  b  w  \ 0 W
  W 1 \-  -  -  w  w  -  \ 1 W
   W 2 \w  -  b  b  b  -  \ 2 W
    W 3 \-  -  w  -  -  -  \ 3 W
     W 4 \-  -  -  -  -  -  \ 4 W
      W 5 \-  -  -  -  -  -  \ 5 W
       ------------------------
             0 \1 \2 \3 \4 \5 \
              B  B  B  B  B  B
1 2
Turn  11 Player  1
    B  B  B  B  B  B
    0 \1 \2 \3 \4 \5 \
 ------------------------
 W 0 \-  -  -  -  b  w  \ 0 W
  W 1 \-  -  b  w  w  -  \ 1 W
   W 2 \w  -  b  b  b  -  \ 2 W
    W 3 \-  -  w  -  -  -  \ 3 W
     W 4 \-  -  -  -  -  -  \ 4 W
      W 5 \-  -  -  -  -  -  \ 5 W
       ------------------------
             0 \1 \2 \3 \4 \5 \
              B  B  B  B  B  B
0 3
Turn  12 Player  -1
    B  B  B  B  B  B
    0 \1 \2 \3 \4 \5 \
 ------------------------
 W 0 \-  -  -  -  b  w  \ 0 W
  W 1 \-  -  b  w  w  -  \ 1 W
   W 2 \w  -  b  b  b  -  \ 2 W
    W 3 \w  -  w  -  -  -  \ 3 W
     W 4 \-  -  -  -  -  -  \ 4 W
      W 5 \-  -  -  -  -  -  \ 5 W
       ------------------------
             0 \1 \2 \3 \4 \5 \
              B  B  B  B  B  B
3 4
Turn  13 Player  1
    B  B  B  B  B  B
    0 \1 \2 \3 \4 \5 \
 ------------------------
 W 0 \-  -  -  -  b  w  \ 0 W
  W 1 \-  -  b  w  w  -  \ 1 W
   W 2 \w  -  b  b  b  -  \ 2 W
    W 3 \w  -  w  -  b  -  \ 3 W
     W 4 \-  -  -  -  -  -  \ 4 W
      W 5 \-  -  -  -  -  -  \ 5 W
       ------------------------
             0 \1 \2 \3 \4 \5 \
              B  B  B  B  B  B
0 5
Turn  14 Player  -1
    B  B  B  B  B  B
    0 \1 \2 \3 \4 \5 \
 ------------------------
 W 0 \-  -  -  -  b  w  \ 0 W
  W 1 \-  -  b  w  w  -  \ 1 W
   W 2 \w  -  b  b  b  -  \ 2 W
    W 3 \w  -  w  -  b  -  \ 3 W
     W 4 \-  -  -  -  -  -  \ 4 W
      W 5 \w  -  -  -  -  -  \ 5 W
       ------------------------
             0 \1 \2 \3 \4 \5 \
              B  B  B  B  B  B
4 4
Turn  15 Player  1
    B  B  B  B  B  B
    0 \1 \2 \3 \4 \5 \
 ------------------------
 W 0 \-  -  -  -  b  w  \ 0 W
  W 1 \-  -  b  w  w  -  \ 1 W
   W 2 \w  -  b  b  b  -  \ 2 W
    W 3 \w  -  w  -  b  -  \ 3 W
     W 4 \-  -  -  -  b  -  \ 4 W
      W 5 \w  -  -  -  -  -  \ 5 W
       ------------------------
             0 \1 \2 \3 \4 \5 \
              B  B  B  B  B  B
0 0
Turn  16 Player  -1
    B  B  B  B  B  B
    0 \1 \2 \3 \4 \5 \
 ------------------------
 W 0 \w  -  -  -  b  w  \ 0 W
  W 1 \-  -  b  w  w  -  \ 1 W
   W 2 \w  -  b  b  b  -  \ 2 W
    W 3 \w  -  w  -  b  -  \ 3 W
     W 4 \-  -  -  -  b  -  \ 4 W
      W 5 \w  -  -  -  -  -  \ 5 W
       ------------------------
             0 \1 \2 \3 \4 \5 \
              B  B  B  B  B  B
5 4
Turn  17 Player  1
    B  B  B  B  B  B
    0 \1 \2 \3 \4 \5 \
 ------------------------
 W 0 \w  -  -  -  b  w  \ 0 W
  W 1 \-  -  b  w  w  -  \ 1 W
   W 2 \w  -  b  b  b  -  \ 2 W
    W 3 \w  -  w  -  b  -  \ 3 W
     W 4 \-  -  -  -  b  -  \ 4 W
      W 5 \w  -  -  -  b  -  \ 5 W
       ------------------------
             0 \1 \2 \3 \4 \5 \
              B  B  B  B  B  B
0 1
Turn  18 Player  -1
    B  B  B  B  B  B
    0 \1 \2 \3 \4 \5 \
 ------------------------
 W 0 \w  -  -  -  b  w  \ 0 W
  W 1 \w  -  b  w  w  -  \ 1 W
   W 2 \w  -  b  b  b  -  \ 2 W
    W 3 \w  -  w  -  b  -  \ 3 W
     W 4 \-  -  -  -  b  -  \ 4 W
      W 5 \w  -  -  -  b  -  \ 5 W
       ------------------------
             0 \1 \2 \3 \4 \5 \
              B  B  B  B  B  B
0 3
Game over: Turn  18 Result  -1
    B  B  B  B  B  B
    0 \1 \2 \3 \4 \5 \
 ------------------------
 W 0 \w  -  -  b  b  w  \ 0 W
  W 1 \w  -  b  w  w  -  \ 1 W
   W 2 \w  -  b  b  b  -  \ 2 W
    W 3 \w  -  w  -  b  -  \ 3 W
     W 4 \-  -  -  -  b  -  \ 4 W
      W 5 \w  -  -  -  b  -  \ 5 W
       ------------------------
             0 \1 \2 \3 \4 \5 \
              B  B  B  B  B  B
Arena.playGames |########################        | (4/2) Eps Time: 1780.194s | Total: 1:29:00 | ETA: 0:45:55Turn  1 Player  1
    B  B  B  B  B  B
    0 \1 \2 \3 \4 \5 \
 ------------------------
 W 0 \-  -  -  -  -  -  \ 0 W
  W 1 \-  -  -  -  -  -  \ 1 W
   W 2 \-  -  -  -  -  -  \ 2 W
    W 3 \-  -  -  -  -  -  \ 3 W
     W 4 \-  -  -  -  -  -  \ 4 W
      W 5 \-  -  -  -  -  -  \ 5 W
       ------------------------
             0 \1 \2 \3 \4 \5 \
              B  B  B  B  B  B
0 2
Turn  2 Player  -1
    B  B  B  B  B  B
    0 \1 \2 \3 \4 \5 \
 ------------------------
 W 0 \-  -  -  -  -  -  \ 0 W
  W 1 \-  -  -  -  -  -  \ 1 W
   W 2 \w  -  -  -  -  -  \ 2 W
    W 3 \-  -  -  -  -  -  \ 3 W
     W 4 \-  -  -  -  -  -  \ 4 W
      W 5 \-  -  -  -  -  -  \ 5 W
       ------------------------
             0 \1 \2 \3 \4 \5 \
              B  B  B  B  B  B
2 4
Turn  3 Player  1
    B  B  B  B  B  B
    0 \1 \2 \3 \4 \5 \
 ------------------------
 W 0 \-  -  -  -  -  -  \ 0 W
  W 1 \-  -  -  -  -  -  \ 1 W
   W 2 \w  -  -  -  b  -  \ 2 W
    W 3 \-  -  -  -  -  -  \ 3 W
     W 4 \-  -  -  -  -  -  \ 4 W
      W 5 \-  -  -  -  -  -  \ 5 W
       ------------------------
             0 \1 \2 \3 \4 \5 \
              B  B  B  B  B  B
5 0
Turn  4 Player  -1
    B  B  B  B  B  B
    0 \1 \2 \3 \4 \5 \
 ------------------------
 W 0 \-  -  -  -  -  w  \ 0 W
  W 1 \-  -  -  -  -  -  \ 1 W
   W 2 \w  -  -  -  b  -  \ 2 W
    W 3 \-  -  -  -  -  -  \ 3 W
     W 4 \-  -  -  -  -  -  \ 4 W
      W 5 \-  -  -  -  -  -  \ 5 W
       ------------------------
             0 \1 \2 \3 \4 \5 \
              B  B  B  B  B  B
0 4
Turn  5 Player  1
    B  B  B  B  B  B
    0 \1 \2 \3 \4 \5 \
 ------------------------
 W 0 \-  -  -  -  b  w  \ 0 W
  W 1 \-  -  -  -  -  -  \ 1 W
   W 2 \w  -  -  -  b  -  \ 2 W
    W 3 \-  -  -  -  -  -  \ 3 W
     W 4 \-  -  -  -  -  -  \ 4 W
      W 5 \-  -  -  -  -  -  \ 5 W
       ------------------------
             0 \1 \2 \3 \4 \5 \
              B  B  B  B  B  B
4 1
Turn  6 Player  -1
    B  B  B  B  B  B
    0 \1 \2 \3 \4 \5 \
 ------------------------
 W 0 \-  -  -  -  b  w  \ 0 W
  W 1 \-  -  -  -  w  -  \ 1 W
   W 2 \w  -  -  -  b  -  \ 2 W
    W 3 \-  -  -  -  -  -  \ 3 W
     W 4 \-  -  -  -  -  -  \ 4 W
      W 5 \-  -  -  -  -  -  \ 5 W
       ------------------------
             0 \1 \2 \3 \4 \5 \
              B  B  B  B  B  B
2 2
Turn  7 Player  1
    B  B  B  B  B  B
    0 \1 \2 \3 \4 \5 \
 ------------------------
 W 0 \-  -  -  -  b  w  \ 0 W
  W 1 \-  -  -  -  w  -  \ 1 W
   W 2 \w  -  b  -  b  -  \ 2 W
    W 3 \-  -  -  -  -  -  \ 3 W
     W 4 \-  -  -  -  -  -  \ 4 W
      W 5 \-  -  -  -  -  -  \ 5 W
       ------------------------
             0 \1 \2 \3 \4 \5 \
              B  B  B  B  B  B
2 3
Turn  8 Player  -1
    B  B  B  B  B  B
    0 \1 \2 \3 \4 \5 \
 ------------------------
 W 0 \-  -  -  -  b  w  \ 0 W
  W 1 \-  -  -  -  w  -  \ 1 W
   W 2 \w  -  b  -  b  -  \ 2 W
    W 3 \-  -  w  -  -  -  \ 3 W
     W 4 \-  -  -  -  -  -  \ 4 W
      W 5 \-  -  -  -  -  -  \ 5 W
       ------------------------
             0 \1 \2 \3 \4 \5 \
              B  B  B  B  B  B
2 3
Turn  9 Player  1
    B  B  B  B  B  B
    0 \1 \2 \3 \4 \5 \
 ------------------------
 W 0 \-  -  -  -  b  w  \ 0 W
  W 1 \-  -  -  -  w  -  \ 1 W
   W 2 \w  -  b  b  b  -  \ 2 W
    W 3 \-  -  w  -  -  -  \ 3 W
     W 4 \-  -  -  -  -  -  \ 4 W
      W 5 \-  -  -  -  -  -  \ 5 W
       ------------------------
             0 \1 \2 \3 \4 \5 \
              B  B  B  B  B  B
3 1
Turn  10 Player  -1
    B  B  B  B  B  B
    0 \1 \2 \3 \4 \5 \
 ------------------------
 W 0 \-  -  -  -  b  w  \ 0 W
  W 1 \-  -  -  w  w  -  \ 1 W
   W 2 \w  -  b  b  b  -  \ 2 W
    W 3 \-  -  w  -  -  -  \ 3 W
     W 4 \-  -  -  -  -  -  \ 4 W
      W 5 \-  -  -  -  -  -  \ 5 W
       ------------------------
             0 \1 \2 \3 \4 \5 \
              B  B  B  B  B  B
1 2
Turn  11 Player  1
    B  B  B  B  B  B
    0 \1 \2 \3 \4 \5 \
 ------------------------
 W 0 \-  -  -  -  b  w  \ 0 W
  W 1 \-  -  b  w  w  -  \ 1 W
   W 2 \w  -  b  b  b  -  \ 2 W
    W 3 \-  -  w  -  -  -  \ 3 W
     W 4 \-  -  -  -  -  -  \ 4 W
      W 5 \-  -  -  -  -  -  \ 5 W
       ------------------------
             0 \1 \2 \3 \4 \5 \
              B  B  B  B  B  B
0 3
Turn  12 Player  -1
    B  B  B  B  B  B
    0 \1 \2 \3 \4 \5 \
 ------------------------
 W 0 \-  -  -  -  b  w  \ 0 W
  W 1 \-  -  b  w  w  -  \ 1 W
   W 2 \w  -  b  b  b  -  \ 2 W
    W 3 \w  -  w  -  -  -  \ 3 W
     W 4 \-  -  -  -  -  -  \ 4 W
      W 5 \-  -  -  -  -  -  \ 5 W
       ------------------------
             0 \1 \2 \3 \4 \5 \
              B  B  B  B  B  B
3 4
Turn  13 Player  1
    B  B  B  B  B  B
    0 \1 \2 \3 \4 \5 \
 ------------------------
 W 0 \-  -  -  -  b  w  \ 0 W
  W 1 \-  -  b  w  w  -  \ 1 W
   W 2 \w  -  b  b  b  -  \ 2 W
    W 3 \w  -  w  -  b  -  \ 3 W
     W 4 \-  -  -  -  -  -  \ 4 W
      W 5 \-  -  -  -  -  -  \ 5 W
       ------------------------
             0 \1 \2 \3 \4 \5 \
              B  B  B  B  B  B
0 5
Turn  14 Player  -1
    B  B  B  B  B  B
    0 \1 \2 \3 \4 \5 \
 ------------------------
 W 0 \-  -  -  -  b  w  \ 0 W
  W 1 \-  -  b  w  w  -  \ 1 W
   W 2 \w  -  b  b  b  -  \ 2 W
    W 3 \w  -  w  -  b  -  \ 3 W
     W 4 \-  -  -  -  -  -  \ 4 W
      W 5 \w  -  -  -  -  -  \ 5 W
       ------------------------
             0 \1 \2 \3 \4 \5 \
              B  B  B  B  B  B
4 4
Turn  15 Player  1
    B  B  B  B  B  B
    0 \1 \2 \3 \4 \5 \
 ------------------------
 W 0 \-  -  -  -  b  w  \ 0 W
  W 1 \-  -  b  w  w  -  \ 1 W
   W 2 \w  -  b  b  b  -  \ 2 W
    W 3 \w  -  w  -  b  -  \ 3 W
     W 4 \-  -  -  -  b  -  \ 4 W
      W 5 \w  -  -  -  -  -  \ 5 W
       ------------------------
             0 \1 \2 \3 \4 \5 \
              B  B  B  B  B  B
0 0
Turn  16 Player  -1
    B  B  B  B  B  B
    0 \1 \2 \3 \4 \5 \
 ------------------------
 W 0 \w  -  -  -  b  w  \ 0 W
  W 1 \-  -  b  w  w  -  \ 1 W
   W 2 \w  -  b  b  b  -  \ 2 W
    W 3 \w  -  w  -  b  -  \ 3 W
     W 4 \-  -  -  -  b  -  \ 4 W
      W 5 \w  -  -  -  -  -  \ 5 W
       ------------------------
             0 \1 \2 \3 \4 \5 \
              B  B  B  B  B  B
5 4
Turn  17 Player  1
    B  B  B  B  B  B
    0 \1 \2 \3 \4 \5 \
 ------------------------
 W 0 \w  -  -  -  b  w  \ 0 W
  W 1 \-  -  b  w  w  -  \ 1 W
   W 2 \w  -  b  b  b  -  \ 2 W
    W 3 \w  -  w  -  b  -  \ 3 W
     W 4 \-  -  -  -  b  -  \ 4 W
      W 5 \w  -  -  -  b  -  \ 5 W
       ------------------------
             0 \1 \2 \3 \4 \5 \
              B  B  B  B  B  B
0 1
Turn  18 Player  -1
    B  B  B  B  B  B
    0 \1 \2 \3 \4 \5 \
 ------------------------
 W 0 \w  -  -  -  b  w  \ 0 W
  W 1 \w  -  b  w  w  -  \ 1 W
   W 2 \w  -  b  b  b  -  \ 2 W
    W 3 \w  -  w  -  b  -  \ 3 W
     W 4 \-  -  -  -  b  -  \ 4 W
      W 5 \w  -  -  -  b  -  \ 5 W
       ------------------------
             0 \1 \2 \3 \4 \5 \
              B  B  B  B  B  B
0 3
Game over: Turn  18 Result  -1
    B  B  B  B  B  B
    0 \1 \2 \3 \4 \5 \
 ------------------------
 W 0 \w  -  -  b  b  w  \ 0 W
  W 1 \w  -  b  w  w  -  \ 1 W
   W 2 \w  -  b  b  b  -  \ 2 W
    W 3 \w  -  w  -  b  -  \ 3 W
     W 4 \-  -  -  -  b  -  \ 4 W
      W 5 \w  -  -  -  b  -  \ 5 W
       ------------------------
             0 \1 \2 \3 \4 \5 \
              B  B  B  B  B  B
Arena.playGames |################################| (5/2) Eps Time: 2011.342s | Total: 2:14:05 | ETA: 0:29:41
(4, 0, 0)
(env) MacBook-Ali-Agha:alpha-zero-hex ali$